Started by user unknown or anonymous
[Thu Nov 14 05:14:58 UTC 2019] Starting branch indexing...
 > git --version # timeout=10
using GIT_ASKPASS to set credentials 
 > git ls-remote --symref -- https://github.com/buddhikasj/web_maven-test.git # timeout=10
 > git rev-parse --is-inside-work-tree # timeout=10
Setting origin to https://github.com/buddhikasj/web_maven-test.git
 > git config remote.origin.url https://github.com/buddhikasj/web_maven-test.git # timeout=10
Fetching & pruning origin...
Listing remote references...
 > git config --get remote.origin.url # timeout=10
 > git --version # timeout=10
using GIT_ASKPASS to set credentials 
 > git ls-remote -h -- https://github.com/buddhikasj/web_maven-test.git # timeout=10
Fetching upstream changes from origin
 > git config --get remote.origin.url # timeout=10
using GIT_ASKPASS to set credentials 
 > git fetch --tags --progress --prune -- origin +refs/heads/*:refs/remotes/origin/* # timeout=10
Checking branches...
  Checking branch master
      ‘Jenkinsfile’ found
    Met criteria
No changes detected: master (still at 20bbddd8a43a6707e742ecd0129c58260f04b0f1)
Processed 1 branches
[Thu Nov 14 05:15:04 UTC 2019] Finished branch indexing. Indexing took 5.3 sec
Finished: SUCCESS
