--- Copying files at Wed Oct 30 15:46:56 UTC 2019
--- Copying files at Wed Oct 30 15:59:50 UTC 2019
--- Copying files at Wed Oct 30 17:04:11 UTC 2019
--- Copying files at Wed Oct 30 18:30:58 UTC 2019
--- Copying files at Thu Oct 31 01:49:05 UTC 2019
--- Copying files at Thu Oct 31 01:50:05 UTC 2019
--- Copying files at Thu Oct 31 02:52:31 UTC 2019
--- Copying files at Thu Oct 31 02:58:08 UTC 2019
--- Copying files at Thu Oct 31 03:37:18 UTC 2019
--- Copying files at Thu Oct 31 04:27:53 UTC 2019
--- Copying files at Thu Oct 31 04:30:28 UTC 2019
--- Copying files at Thu Oct 31 04:31:10 UTC 2019
--- Copying files at Thu Oct 31 04:36:45 UTC 2019
--- Copying files at Thu Oct 31 04:40:03 UTC 2019
--- Copying files at Thu Oct 31 07:19:38 UTC 2019
--- Copying files at Thu Oct 31 08:02:26 UTC 2019
--- Copying files at Fri Nov  1 11:31:50 UTC 2019
--- Copying files at Fri Nov  1 11:41:24 UTC 2019
--- Copying files at Fri Nov  1 11:44:00 UTC 2019
--- Copying files at Fri Nov  1 11:46:32 UTC 2019
--- Copying files at Fri Nov  1 11:53:58 UTC 2019
--- Copying files at Wed Nov 13 12:31:54 UTC 2019
--- Copying files at Wed Nov 13 12:48:59 UTC 2019
--- Copying files at Wed Nov 13 13:05:53 UTC 2019
--- Copying files at Thu Nov 14 01:00:43 UTC 2019
--- Copying files at Mon Nov 25 12:44:58 UTC 2019
--- Copying files at Mon Dec  2 13:03:28 UTC 2019
--- Copying files at Mon Dec  2 13:18:54 UTC 2019
--- Copying files at Thu Dec  5 10:02:59 UTC 2019
--- Copying files at Mon Dec  9 10:57:30 UTC 2019
--- Copying files at Mon Dec  9 21:07:26 UTC 2019
--- Copying files at Tue Dec 17 13:50:55 UTC 2019
